<?xml version="1.0" encoding="UTF-8"?>
<!-- Generated by org.testng.reporters.JUnitReportReporter -->
<testsuite hostname="DESKTOP-6084CDG" failures="0" tests="1" name="DSAlgo.runners.TestRunner" time="0.640" errors="0" timestamp="2024-10-19T15:04:03 CDT" skipped="0">
  <testcase classname="DSAlgo.runners.TestRunner" name="runScenario" time="0.640"/>
</testsuite> <!-- DSAlgo.runners.TestRunner -->
