<?xml version="1.0" encoding="UTF-8"?>
<!-- Generated by org.testng.reporters.JUnitReportReporter -->
<testsuite hostname="DESKTOP-6084CDG" failures="0" tests="1" name="DSAlgo.runners.TestRunner" time="0.968" errors="0" timestamp="2024-10-21T12:35:21 CDT" skipped="0">
  <testcase classname="DSAlgo.runners.TestRunner" name="runScenario" time="0.968"/>
</testsuite> <!-- DSAlgo.runners.TestRunner -->
